2018-06-02 10:04:23.886  INFO 10788 --- [main] cn.ljzyemu.iloveweb.IloveWebApplication  : Starting IloveWebApplication on ASUS with PID 10788 (G:\IDEA\ilove\ilove-web\target\classes started by admin in G:\IDEA\ilove)
2018-06-02 10:04:23.965  INFO 10788 --- [main] cn.ljzyemu.iloveweb.IloveWebApplication  : No active profile set, falling back to default profiles: default
2018-06-02 10:04:35.918  INFO 10788 --- [main] o.apache.catalina.core.StandardService   : Starting service [Tomcat]
2018-06-02 10:04:35.918  INFO 10788 --- [main] org.apache.catalina.core.StandardEngine  : Starting Servlet Engine: Apache Tomcat/8.5.29
2018-06-02 10:04:35.939  INFO 10788 --- [localhost-startStop-1] o.a.catalina.core.AprLifecycleListener   : The APR based Apache Tomcat Native library which allows optimal performance in production environments was not found on the java.library.path: [C:\Program Files\Java\jdk1.8.0_131\bin;C:\WINDOWS\Sun\Java\bin;C:\WINDOWS\system32;C:\WINDOWS;C:\ProgramData\Oracle\Java\javapath;C:\Program Files (x86)\Intel\iCLS Client\;C:\Program Files\Intel\iCLS Client\;C:\WINDOWS\system32;C:\WINDOWS;C:\WINDOWS\System32\Wbem;C:\WINDOWS\System32\WindowsPowerShell\v1.0\;C:\Program Files\Intel\Intel(R) Management Engine Components\DAL;C:\Program Files (x86)\Intel\Intel(R) Management Engine Components\DAL;C:\Program Files\Intel\Intel(R) Management Engine Components\IPT;C:\Program Files (x86)\Intel\Intel(R) Management Engine Components\IPT;C:\Program Files (x86)\NVIDIA Corporation\PhysX\Common;D:\MySQL\bin;C:\strawberry\c\bin;C:\strawberry\perl\bin;C:\WINDOWS\system32;C:\WINDOWS;C:\WINDOWS\System32\Wbem;C:\WINDOWS\System32\WindowsPowerShell\v1.0\;C:\Program Files\mysql-5.7.16-winx64\bin;C:\Program Files\MySQL\MySQL Server 5.5\bin;D:\maven\apache-maven-3.5.0\bin;C:\Program Files\TortoiseSVN\bin;D:\Git\Git\cmd;D:\php-7.2.0;D:\php-7.2.0\ext;D:\php-7.2.0\php.exe;D:\svn\SlikSvn\bin;C:\Program Files\Java\jdk1.8.0_131\bin;C:\Users\1\AppData\Local\Microsoft\WindowsApps;;.]
2018-06-02 10:04:36.389  INFO 10788 --- [localhost-startStop-1] o.a.c.c.C.[Tomcat].[localhost].[/]       : Initializing Spring embedded WebApplicationContext
2018-06-02 10:04:38.225  WARN 10788 --- [main] org.thymeleaf.templatemode.TemplateMode  : [THYMELEAF][main] Template Mode 'HTML5' is deprecated. Using Template Mode 'HTML' instead.
2018-06-02 10:04:39.229  INFO 10788 --- [main] cn.ljzyemu.iloveweb.IloveWebApplication  : Started IloveWebApplication in 19.076 seconds (JVM running for 21.485)
2018-06-02 10:10:14.721  INFO 10788 --- [http-nio-8089-exec-1] o.a.c.c.C.[Tomcat].[localhost].[/]       : Initializing Spring FrameworkServlet 'dispatcherServlet'
2018-06-02 10:10:14.879 DEBUG 10788 --- [http-nio-8089-exec-1] c.l.iloveweb.controller.IndexController  : admin--> index
2018-06-02 10:23:07.544  INFO 13372 --- [main] cn.ljzyemu.iloveweb.IloveWebApplication  : Starting IloveWebApplication on ASUS with PID 13372 (G:\IDEA\ilove\ilove-web\target\classes started by admin in G:\IDEA\ilove)
2018-06-02 10:23:07.577  INFO 13372 --- [main] cn.ljzyemu.iloveweb.IloveWebApplication  : No active profile set, falling back to default profiles: default
2018-06-02 10:23:13.918  INFO 13372 --- [main] o.apache.catalina.core.StandardService   : Starting service [Tomcat]
2018-06-02 10:23:13.918  INFO 13372 --- [main] org.apache.catalina.core.StandardEngine  : Starting Servlet Engine: Apache Tomcat/8.5.29
2018-06-02 10:23:13.933  INFO 13372 --- [localhost-startStop-1] o.a.catalina.core.AprLifecycleListener   : The APR based Apache Tomcat Native library which allows optimal performance in production environments was not found on the java.library.path: [C:\Program Files\Java\jdk1.8.0_131\bin;C:\WINDOWS\Sun\Java\bin;C:\WINDOWS\system32;C:\WINDOWS;C:\ProgramData\Oracle\Java\javapath;C:\Program Files (x86)\Intel\iCLS Client\;C:\Program Files\Intel\iCLS Client\;C:\WINDOWS\system32;C:\WINDOWS;C:\WINDOWS\System32\Wbem;C:\WINDOWS\System32\WindowsPowerShell\v1.0\;C:\Program Files\Intel\Intel(R) Management Engine Components\DAL;C:\Program Files (x86)\Intel\Intel(R) Management Engine Components\DAL;C:\Program Files\Intel\Intel(R) Management Engine Components\IPT;C:\Program Files (x86)\Intel\Intel(R) Management Engine Components\IPT;C:\Program Files (x86)\NVIDIA Corporation\PhysX\Common;D:\MySQL\bin;C:\strawberry\c\bin;C:\strawberry\perl\bin;C:\WINDOWS\system32;C:\WINDOWS;C:\WINDOWS\System32\Wbem;C:\WINDOWS\System32\WindowsPowerShell\v1.0\;C:\Program Files\mysql-5.7.16-winx64\bin;C:\Program Files\MySQL\MySQL Server 5.5\bin;D:\maven\apache-maven-3.5.0\bin;C:\Program Files\TortoiseSVN\bin;D:\Git\Git\cmd;D:\php-7.2.0;D:\php-7.2.0\ext;D:\php-7.2.0\php.exe;D:\svn\SlikSvn\bin;C:\Program Files\Java\jdk1.8.0_131\bin;C:\Users\1\AppData\Local\Microsoft\WindowsApps;;.]
2018-06-02 10:23:14.284  INFO 13372 --- [localhost-startStop-1] o.a.c.c.C.[Tomcat].[localhost].[/]       : Initializing Spring embedded WebApplicationContext
2018-06-02 10:23:17.059  WARN 13372 --- [main] org.thymeleaf.templatemode.TemplateMode  : [THYMELEAF][main] Template Mode 'HTML5' is deprecated. Using Template Mode 'HTML' instead.
2018-06-02 10:23:18.770  INFO 13372 --- [main] cn.ljzyemu.iloveweb.IloveWebApplication  : Started IloveWebApplication in 12.335 seconds (JVM running for 13.569)
2018-06-02 10:24:41.217  INFO 13372 --- [http-nio-8089-exec-10] o.a.c.c.C.[Tomcat].[localhost].[/]       : Initializing Spring FrameworkServlet 'dispatcherServlet'
2018-06-02 10:26:27.853  INFO 3088 --- [main] cn.ljzyemu.iloveweb.IloveWebApplication  : Starting IloveWebApplication on ASUS with PID 3088 (G:\IDEA\ilove\ilove-web\target\classes started by admin in G:\IDEA\ilove)
2018-06-02 10:26:27.859  INFO 3088 --- [main] cn.ljzyemu.iloveweb.IloveWebApplication  : No active profile set, falling back to default profiles: default
2018-06-02 10:26:36.029  INFO 3088 --- [main] o.apache.catalina.core.StandardService   : Starting service [Tomcat]
2018-06-02 10:26:36.030  INFO 3088 --- [main] org.apache.catalina.core.StandardEngine  : Starting Servlet Engine: Apache Tomcat/8.5.29
2018-06-02 10:26:36.045  INFO 3088 --- [localhost-startStop-1] o.a.catalina.core.AprLifecycleListener   : The APR based Apache Tomcat Native library which allows optimal performance in production environments was not found on the java.library.path: [C:\Program Files\Java\jdk1.8.0_131\bin;C:\WINDOWS\Sun\Java\bin;C:\WINDOWS\system32;C:\WINDOWS;C:\ProgramData\Oracle\Java\javapath;C:\Program Files (x86)\Intel\iCLS Client\;C:\Program Files\Intel\iCLS Client\;C:\WINDOWS\system32;C:\WINDOWS;C:\WINDOWS\System32\Wbem;C:\WINDOWS\System32\WindowsPowerShell\v1.0\;C:\Program Files\Intel\Intel(R) Management Engine Components\DAL;C:\Program Files (x86)\Intel\Intel(R) Management Engine Components\DAL;C:\Program Files\Intel\Intel(R) Management Engine Components\IPT;C:\Program Files (x86)\Intel\Intel(R) Management Engine Components\IPT;C:\Program Files (x86)\NVIDIA Corporation\PhysX\Common;D:\MySQL\bin;C:\strawberry\c\bin;C:\strawberry\perl\bin;C:\WINDOWS\system32;C:\WINDOWS;C:\WINDOWS\System32\Wbem;C:\WINDOWS\System32\WindowsPowerShell\v1.0\;C:\Program Files\mysql-5.7.16-winx64\bin;C:\Program Files\MySQL\MySQL Server 5.5\bin;D:\maven\apache-maven-3.5.0\bin;C:\Program Files\TortoiseSVN\bin;D:\Git\Git\cmd;D:\php-7.2.0;D:\php-7.2.0\ext;D:\php-7.2.0\php.exe;D:\svn\SlikSvn\bin;C:\Program Files\Java\jdk1.8.0_131\bin;C:\Users\1\AppData\Local\Microsoft\WindowsApps;;.]
2018-06-02 10:26:36.447  INFO 3088 --- [localhost-startStop-1] o.a.c.c.C.[Tomcat].[localhost].[/]       : Initializing Spring embedded WebApplicationContext
2018-06-02 10:26:38.155  WARN 3088 --- [main] org.thymeleaf.templatemode.TemplateMode  : [THYMELEAF][main] Template Mode 'HTML5' is deprecated. Using Template Mode 'HTML' instead.
2018-06-02 10:26:38.983  INFO 3088 --- [main] cn.ljzyemu.iloveweb.IloveWebApplication  : Started IloveWebApplication in 12.279 seconds (JVM running for 13.566)
2018-06-02 10:26:50.604  INFO 3088 --- [http-nio-8089-exec-1] o.a.c.c.C.[Tomcat].[localhost].[/]       : Initializing Spring FrameworkServlet 'dispatcherServlet'
